In file included from matrix_test.h:4:0,
                 from matrix_test.cpp:1:
../diploma/matrix.h:25:67: warning: friend declaration ‘Matrix<T, SIZE> operator*(const Matrix<T, SIZE>&, const Matrix<T, SIZE>&)’ declares a non-template function [-Wnon-template-friend]
     friend Matrix operator*(const Matrix& arg1, const Matrix& arg2);
                                                                   ^
../diploma/matrix.h:25:67: note: (if this is not what you intended, make sure the function template has already been declared and add <> after the function name here) 
../diploma/matrix.h:26:67: warning: friend declaration ‘Matrix<T, SIZE> operator/(const Matrix<T, SIZE>&, const Matrix<T, SIZE>&)’ declares a non-template function [-Wnon-template-friend]
     friend Matrix operator/(const Matrix& arg1, const Matrix& arg2);
                                                                   ^
/home/andy/basecamp/googletest/libgtest.a(gtest-all.o): In function `testing::internal::ThreadLocal<testing::TestPartResultReporterInterface*>::~ThreadLocal()':
gtest-all.cc:(.text._ZN7testing8internal11ThreadLocalIPNS_31TestPartResultReporterInterfaceEED2Ev[_ZN7testing8internal11ThreadLocalIPNS_31TestPartResultReporterInterfaceEED5Ev]+0x10): undefined reference to `pthread_getspecific'
gtest-all.cc:(.text._ZN7testing8internal11ThreadLocalIPNS_31TestPartResultReporterInterfaceEED2Ev[_ZN7testing8internal11ThreadLocalIPNS_31TestPartResultReporterInterfaceEED5Ev]+0x25): undefined reference to `pthread_key_delete'
/home/andy/basecamp/googletest/libgtest.a(gtest-all.o): In function `testing::internal::ThreadLocal<std::vector<testing::internal::TraceInfo, std::allocator<testing::internal::TraceInfo> > >::~ThreadLocal()':
gtest-all.cc:(.text._ZN7testing8internal11ThreadLocalISt6vectorINS0_9TraceInfoESaIS3_EEED2Ev[_ZN7testing8internal11ThreadLocalISt6vectorINS0_9TraceInfoESaIS3_EEED5Ev]+0x10): undefined reference to `pthread_getspecific'
gtest-all.cc:(.text._ZN7testing8internal11ThreadLocalISt6vectorINS0_9TraceInfoESaIS3_EEED2Ev[_ZN7testing8internal11ThreadLocalISt6vectorINS0_9TraceInfoESaIS3_EEED5Ev]+0x25): undefined reference to `pthread_key_delete'
/home/andy/basecamp/googletest/libgtest.a(gtest-all.o): In function `testing::internal::ThreadLocal<std::vector<testing::internal::TraceInfo, std::allocator<testing::internal::TraceInfo> > >::GetOrCreateValue() const':
gtest-all.cc:(.text._ZNK7testing8internal11ThreadLocalISt6vectorINS0_9TraceInfoESaIS3_EEE16GetOrCreateValueEv[_ZNK7testing8internal11ThreadLocalISt6vectorINS0_9TraceInfoESaIS3_EEE16GetOrCreateValueEv]+0x11): undefined reference to `pthread_getspecific'
gtest-all.cc:(.text._ZNK7testing8internal11ThreadLocalISt6vectorINS0_9TraceInfoESaIS3_EEE16GetOrCreateValueEv[_ZNK7testing8internal11ThreadLocalISt6vectorINS0_9TraceInfoESaIS3_EEE16GetOrCreateValueEv]+0x6f): undefined reference to `pthread_setspecific'
/home/andy/basecamp/googletest/libgtest.a(gtest-all.o): In function `testing::internal::ThreadLocal<testing::TestPartResultReporterInterface*>::CreateKey()':
gtest-all.cc:(.text._ZN7testing8internal11ThreadLocalIPNS_31TestPartResultReporterInterfaceEE9CreateKeyEv[_ZN7testing8internal11ThreadLocalIPNS_31TestPartResultReporterInterfaceEE9CreateKeyEv]+0x16): undefined reference to `pthread_key_create'
/home/andy/basecamp/googletest/libgtest.a(gtest-all.o): In function `testing::internal::ThreadLocal<std::vector<testing::internal::TraceInfo, std::allocator<testing::internal::TraceInfo> > >::CreateKey()':
gtest-all.cc:(.text._ZN7testing8internal11ThreadLocalISt6vectorINS0_9TraceInfoESaIS3_EEE9CreateKeyEv[_ZN7testing8internal11ThreadLocalISt6vectorINS0_9TraceInfoESaIS3_EEE9CreateKeyEv]+0x16): undefined reference to `pthread_key_create'
/home/andy/basecamp/googletest/libgtest.a(gtest-all.o): In function `testing::internal::ThreadLocal<testing::TestPartResultReporterInterface*>::GetOrCreateValue() const':
gtest-all.cc:(.text._ZNK7testing8internal11ThreadLocalIPNS_31TestPartResultReporterInterfaceEE16GetOrCreateValueEv[_ZNK7testing8internal11ThreadLocalIPNS_31TestPartResultReporterInterfaceEE16GetOrCreateValueEv]+0x10): undefined reference to `pthread_getspecific'
gtest-all.cc:(.text._ZNK7testing8internal11ThreadLocalIPNS_31TestPartResultReporterInterfaceEE16GetOrCreateValueEv[_ZNK7testing8internal11ThreadLocalIPNS_31TestPartResultReporterInterfaceEE16GetOrCreateValueEv]+0x6e): undefined reference to `pthread_setspecific'
collect2: error: ld returned 1 exit status
make: *** [all] Error 1
